activating the configuration...
setting up /etc...
reloading user units for zenna...
restarting sysinit-reactivation.target
restarting the following units: home-manager-zenna.service
the following new units were started: sysinit-reactivation.target, systemd-tmpfiles-resetup.service
rland.settings or hyprland.extraConfig. This is almost certainly a mistake.
these 9 derivations will be built:
  /nix/store/gnfm6i0ihcs2hgrj3dqrya1gmaqr3ay2-home-manager-path.drv
  /nix/store/fjb8xrkjay41w6x9h680lwn4h4wxm9sj-hm_fontconfigconf.d10hmfonts.conf.drv
  /nix/store/950z8h2s32njhmpabg0nh85w8r6p7ykg-home-manager-files.drv
  /nix/store/0837v5fa3r3jbjq28sy8jys26kbszi2n-home-manager-generation.drv
  /nix/store/js3q4vnmy3vxcij4b2vav9cvqs3gx2xm-unit-home-manager-zenna.service.drv
  /nix/store/2r3cad5fwbml9qmba6j3hzg21mk0gi0b-system-units.drv
  /nix/store/4r559p6qdy9szsr79dd3hagdj3dn918j-user-environment.drv
  /nix/store/g9222n5jd9rfzw4m3in5230gkkz5b5l8-etc.drv
  /nix/store/3vncjnxq6n0gkkhf01yy9hbn9kdsfyc3-nixos-system-ephemerate-24.05.20240221.0e74ca9.drv
these 2 paths will be fetched (0.02 MiB download, 0.08 MiB unpacked):
  /nix/store/66kjy0nmnkjwnbv8yl49znz7gx6sq7wl-brightnessctl-0.5.1
  /nix/store/izi1fhxc2bsfhsbkgbmi4fn5i6459189-grim-1.4.1
copying path '/nix/store/66kjy0nmnkjwnbv8yl49znz7gx6sq7wl-brightnessctl-0.5.1' from 'https://cache.nixos.org'...
copying path '/nix/store/izi1fhxc2bsfhsbkgbmi4fn5i6459189-grim-1.4.1' from 'https://cache.nixos.org'...
building '/nix/store/gnfm6i0ihcs2hgrj3dqrya1gmaqr3ay2-home-manager-path.drv'...
building '/nix/store/fjb8xrkjay41w6x9h680lwn4h4wxm9sj-hm_fontconfigconf.d10hmfonts.conf.drv'...
building '/nix/store/4r559p6qdy9szsr79dd3hagdj3dn918j-user-environment.drv'...
building '/nix/store/950z8h2s32njhmpabg0nh85w8r6p7ykg-home-manager-files.drv'...
building '/nix/store/0837v5fa3r3jbjq28sy8jys26kbszi2n-home-manager-generation.drv'...
building '/nix/store/js3q4vnmy3vxcij4b2vav9cvqs3gx2xm-unit-home-manager-zenna.service.drv'...
building '/nix/store/2r3cad5fwbml9qmba6j3hzg21mk0gi0b-system-units.drv'...
building '/nix/store/g9222n5jd9rfzw4m3in5230gkkz5b5l8-etc.drv'...
building '/nix/store/3vncjnxq6n0gkkhf01yy9hbn9kdsfyc3-nixos-system-ephemerate-24.05.20240221.0e74ca9.drv'...
